<?xml version="1.0" encoding="UTF-8"?>
<robot generator="Robot 4.1.1 (Python 3.9.7 on win32)" generated="20211006 09:41:50.532" rpa="false" schemaversion="2">
<suite id="s1" name="Tms" source="C:\Users\10135\Desktop\automatizados\robot\testes automatizados\tests\tms.robot">
<test id="s1-t1" name="Novo chamado TMS">
<kw name="Abrir navegador" library="tms" type="SETUP">
<kw name="Open Browser" library="SeleniumLibrary">
<arg>http://www.cervelloesmhomolog.com.br/Quality_NAD/Atendimento/Home</arg>
<arg>google chrome</arg>
<doc>Opens a new browser instance to the optional ``url``.</doc>
<msg timestamp="20211006 09:41:50.706" level="INFO">Opening browser 'google chrome' to base url 'http://www.cervelloesmhomolog.com.br/Quality_NAD/Atendimento/Home'.</msg>
<kw name="Capture Page Screenshot" library="SeleniumLibrary">
<doc>Takes a screenshot of the current page and embeds it into a log file.</doc>
<msg timestamp="20211006 09:42:22.163" level="FAIL">WebDriverException: Message: chrome not reachable
  (Session info: chrome=94.0.4606.71)
</msg>
<status status="FAIL" starttime="20211006 09:42:18.058" endtime="20211006 09:42:22.163"/>
</kw>
<msg timestamp="20211006 09:42:22.163" level="WARN">Keyword 'Capture Page Screenshot' could not be run on failure: WebDriverException: Message: chrome not reachable
  (Session info: chrome=94.0.4606.71)
</msg>
<msg timestamp="20211006 09:42:22.177" level="FAIL">WebDriverException: Message: unknown error: cannot determine loading status
from disconnected: received Inspector.detached event
  (Session info: chrome=94.0.4606.71)
</msg>
<status status="FAIL" starttime="20211006 09:41:50.706" endtime="20211006 09:42:22.177"/>
</kw>
<status status="FAIL" starttime="20211006 09:41:50.706" endtime="20211006 09:42:22.177"/>
</kw>
<kw name="Fechar navegador" library="tms" type="TEARDOWN">
<kw name="Close Browser" library="SeleniumLibrary">
<doc>Closes the current browser.</doc>
<status status="PASS" starttime="20211006 09:42:22.178" endtime="20211006 09:42:24.210"/>
</kw>
<status status="PASS" starttime="20211006 09:42:22.177" endtime="20211006 09:42:24.210"/>
</kw>
<status status="FAIL" starttime="20211006 09:41:50.705" endtime="20211006 09:42:24.210">Setup failed:
WebDriverException: Message: unknown error: cannot determine loading status
from disconnected: received Inspector.detached event
  (Session info: chrome=94.0.4606.71)
</status>
</test>
<status status="FAIL" starttime="20211006 09:41:50.533" endtime="20211006 09:42:24.212"/>
</suite>
<statistics>
<total>
<stat pass="0" fail="1" skip="0">All Tests</stat>
</total>
<tag>
</tag>
<suite>
<stat pass="0" fail="1" skip="0" id="s1" name="Tms">Tms</stat>
</suite>
</statistics>
<errors>
<msg timestamp="20211006 09:42:22.163" level="WARN">Keyword 'Capture Page Screenshot' could not be run on failure: WebDriverException: Message: chrome not reachable
  (Session info: chrome=94.0.4606.71)
</msg>
</errors>
</robot>
