<?xml version="1.0" encoding="UTF-8"?>
<robot generator="Robot 4.1.1 (Python 3.9.7 on win32)" generated="20211006 09:42:32.207" rpa="false" schemaversion="2">
<suite id="s1" name="Login" source="C:\Users\10135\Desktop\automatizados\robot\testes automatizados\tests\login.robot">
<test id="s1-t1" name="Login na ferramenta">
<kw name="Abrir navegador" library="login" type="SETUP">
<kw name="Open Browser" library="SeleniumLibrary">
<arg>http://www.cervelloesmhomolog.com.br/Quality_NAD</arg>
<arg>firefox</arg>
<doc>Opens a new browser instance to the optional ``url``.</doc>
<msg timestamp="20211006 09:42:32.383" level="INFO">Opening browser 'firefox' to base url 'http://www.cervelloesmhomolog.com.br/Quality_NAD'.</msg>
<msg timestamp="20211006 09:42:32.388" level="INFO">Firefox driver log is always forced to to: C:\Users\10135\Desktop\automatizados\robot\testes automatizados\results\fasttrack\login\geckodriver-1.log</msg>
<status status="PASS" starttime="20211006 09:42:32.383" endtime="20211006 09:42:42.618"/>
</kw>
<status status="PASS" starttime="20211006 09:42:32.382" endtime="20211006 09:42:42.619"/>
</kw>
<kw name="Acessar a página home do site" library="login">
<kw name="Go To" library="SeleniumLibrary">
<arg>http://www.cervelloesmhomolog.com.br/Quality_NAD</arg>
<doc>Navigates the current browser window to the provided ``url``.</doc>
<msg timestamp="20211006 09:42:42.619" level="INFO">Opening url 'http://www.cervelloesmhomolog.com.br/Quality_NAD'</msg>
<status status="PASS" starttime="20211006 09:42:42.619" endtime="20211006 09:42:43.841"/>
</kw>
<kw name="Title Should Be" library="SeleniumLibrary">
<arg>Cervello</arg>
<doc>Verifies that the current page title equals ``title``.</doc>
<msg timestamp="20211006 09:42:43.843" level="INFO">Page title is 'Cervello'.</msg>
<status status="PASS" starttime="20211006 09:42:43.841" endtime="20211006 09:42:43.843"/>
</kw>
<status status="PASS" starttime="20211006 09:42:42.619" endtime="20211006 09:42:43.843"/>
</kw>
<kw name="Digitar o nome do Login &quot;cervello&quot; no campo de Login" library="login" sourcename="Digitar o nome do Login &quot;${LOGIN}&quot; no campo de Login">
<kw name="Input Text" library="SeleniumLibrary">
<arg>id=login</arg>
<arg>${LOGIN}</arg>
<doc>Types the given ``text`` into the text field identified by ``locator``.</doc>
<msg timestamp="20211006 09:42:43.844" level="INFO">Typing text 'cervello' into text field 'id=login'.</msg>
<status status="PASS" starttime="20211006 09:42:43.843" endtime="20211006 09:42:43.887"/>
</kw>
<status status="PASS" starttime="20211006 09:42:43.843" endtime="20211006 09:42:43.887"/>
</kw>
<kw name="Digitar a senha &quot;cervello01&quot; no campo de senha" library="login" sourcename="Digitar a senha &quot;${SENHA}&quot; no campo de senha">
<kw name="Input Text" library="SeleniumLibrary">
<arg>id=senha</arg>
<arg>${SENHA}</arg>
<doc>Types the given ``text`` into the text field identified by ``locator``.</doc>
<msg timestamp="20211006 09:42:43.888" level="INFO">Typing text 'cervello01' into text field 'id=senha'.</msg>
<status status="PASS" starttime="20211006 09:42:43.888" endtime="20211006 09:42:43.909"/>
</kw>
<status status="PASS" starttime="20211006 09:42:43.888" endtime="20211006 09:42:43.909"/>
</kw>
<kw name="Clicar no botão &quot;entrar&quot;" library="login">
<kw name="Click Element" library="SeleniumLibrary">
<arg>id=frmLogin</arg>
<doc>Click the element identified by ``locator``.</doc>
<msg timestamp="20211006 09:42:43.910" level="INFO">Clicking element 'id=frmLogin'.</msg>
<status status="PASS" starttime="20211006 09:42:43.910" endtime="20211006 09:42:44.124"/>
</kw>
<status status="PASS" starttime="20211006 09:42:43.910" endtime="20211006 09:42:44.124"/>
</kw>
<kw name="Clicar no botão &quot;continuar&quot;" library="login">
<kw name="Click Element" library="SeleniumLibrary">
<arg>id=frmLogin</arg>
<doc>Click the element identified by ``locator``.</doc>
<msg timestamp="20211006 09:42:44.125" level="INFO">Clicking element 'id=frmLogin'.</msg>
<status status="PASS" starttime="20211006 09:42:44.125" endtime="20211006 09:42:44.336"/>
</kw>
<status status="PASS" starttime="20211006 09:42:44.125" endtime="20211006 09:42:44.336"/>
</kw>
<kw name="Fechar navegador" library="login" type="TEARDOWN">
<kw name="Close Browser" library="SeleniumLibrary">
<doc>Closes the current browser.</doc>
<status status="PASS" starttime="20211006 09:42:44.337" endtime="20211006 09:42:45.289"/>
</kw>
<status status="PASS" starttime="20211006 09:42:44.337" endtime="20211006 09:42:45.289"/>
</kw>
<status status="PASS" starttime="20211006 09:42:32.382" endtime="20211006 09:42:45.290"/>
</test>
<status status="PASS" starttime="20211006 09:42:32.209" endtime="20211006 09:42:45.291"/>
</suite>
<statistics>
<total>
<stat pass="1" fail="0" skip="0">All Tests</stat>
</total>
<tag>
</tag>
<suite>
<stat pass="1" fail="0" skip="0" id="s1" name="Login">Login</stat>
</suite>
</statistics>
<errors>
</errors>
</robot>
