<?xml version="1.0" encoding="UTF-8"?>
<robot generator="Robot 4.1.2 (Python 3.10.0 on win32)" generated="20220104 10:19:41.574" rpa="false" schemaversion="2">
<suite id="s1" name="Tms" source="C:\Users\SouthSystem\Desktop\Automatizados\robot\testes automatizados\tests\tms.robot">
<test id="s1-t1" name="Novo chamado TMS">
<kw name="Abrir navegador" library="tms" type="SETUP">
<kw name="Open Browser" library="SeleniumLibrary">
<arg>http://www.cervelloesmhomolog.com.br/FastTrack/</arg>
<arg>google chrome</arg>
<doc>Opens a new browser instance to the optional ``url``.</doc>
<msg timestamp="20220104 10:19:41.924" level="INFO">Opening browser 'google chrome' to base url 'http://www.cervelloesmhomolog.com.br/FastTrack/'.</msg>
<status status="PASS" starttime="20220104 10:19:41.924" endtime="20220104 10:20:10.658"/>
</kw>
<status status="PASS" starttime="20220104 10:19:41.924" endtime="20220104 10:20:10.658"/>
</kw>
<kw name="Acessar a página" library="tms">
<kw name="Go To" library="SeleniumLibrary">
<arg>http://www.cervelloesmhomolog.com.br/FastTrack/</arg>
<doc>Navigates the current browser window to the provided ``url``.</doc>
<msg timestamp="20220104 10:20:10.660" level="INFO">Opening url 'http://www.cervelloesmhomolog.com.br/FastTrack/'</msg>
<status status="PASS" starttime="20220104 10:20:10.660" endtime="20220104 10:20:11.635"/>
</kw>
<kw name="Title Should Be" library="SeleniumLibrary">
<arg>Cervello</arg>
<arg>- TMS</arg>
<doc>Verifies that the current page title equals ``title``.</doc>
<msg timestamp="20220104 10:20:11.660" level="INFO">Page title is 'Cervello'.</msg>
<status status="PASS" starttime="20220104 10:20:11.635" endtime="20220104 10:20:11.661"/>
</kw>
<status status="PASS" starttime="20220104 10:20:10.659" endtime="20220104 10:20:11.662"/>
</kw>
<kw name="Digitar o nome do Login" library="tms">
<kw name="Input Text" library="SeleniumLibrary">
<arg>xpath=//form[@id='frmLogin']/fieldset/input</arg>
<arg>cervello</arg>
<doc>Types the given ``text`` into the text field identified by ``locator``.</doc>
<msg timestamp="20220104 10:20:11.666" level="INFO">Typing text 'cervello' into text field 'xpath=//form[@id='frmLogin']/fieldset/input'.</msg>
<status status="PASS" starttime="20220104 10:20:11.666" endtime="20220104 10:20:11.780"/>
</kw>
<status status="PASS" starttime="20220104 10:20:11.665" endtime="20220104 10:20:11.780"/>
</kw>
<kw name="Digitar a senha" library="tms">
<kw name="Input Text" library="SeleniumLibrary">
<arg>xpath=//form[@id='frmLogin']/fieldset[2]/input</arg>
<arg>cervello02</arg>
<doc>Types the given ``text`` into the text field identified by ``locator``.</doc>
<msg timestamp="20220104 10:20:11.782" level="INFO">Typing text 'cervello02' into text field 'xpath=//form[@id='frmLogin']/fieldset[2]/input'.</msg>
<status status="PASS" starttime="20220104 10:20:11.782" endtime="20220104 10:20:11.873"/>
</kw>
<status status="PASS" starttime="20220104 10:20:11.781" endtime="20220104 10:20:11.874"/>
</kw>
<kw name="Clicar no botão entrar" library="tms">
<kw name="Click Element" library="SeleniumLibrary">
<arg>xpath=//form[@id='frmLogin']/button</arg>
<doc>Click the element identified by ``locator``.</doc>
<msg timestamp="20220104 10:20:11.876" level="INFO">Clicking element 'xpath=//form[@id='frmLogin']/button'.</msg>
<status status="PASS" starttime="20220104 10:20:11.875" endtime="20220104 10:20:13.030"/>
</kw>
<status status="PASS" starttime="20220104 10:20:11.874" endtime="20220104 10:20:13.030"/>
</kw>
<kw name="Clicar no botão continuar" library="tms">
<kw name="Click Element" library="SeleniumLibrary">
<arg>xpath=//form[@id='frmLogin']/button</arg>
<doc>Click the element identified by ``locator``.</doc>
<msg timestamp="20220104 10:20:13.032" level="INFO">Clicking element 'xpath=//form[@id='frmLogin']/button'.</msg>
<status status="PASS" starttime="20220104 10:20:13.032" endtime="20220104 10:20:13.106"/>
</kw>
<status status="PASS" starttime="20220104 10:20:13.030" endtime="20220104 10:20:13.106"/>
</kw>
<kw name="Abra a tela de novo chamado no TMS" library="tms">
<kw name="Go To" library="SeleniumLibrary">
<arg>http://www.cervelloesmhomolog.com.br/FastTrack/Atendimento/TMS/Wizard</arg>
<doc>Navigates the current browser window to the provided ``url``.</doc>
<msg timestamp="20220104 10:20:13.107" level="INFO">Opening url 'http://www.cervelloesmhomolog.com.br/FastTrack/Atendimento/TMS/Wizard'</msg>
<status status="PASS" starttime="20220104 10:20:13.107" endtime="20220104 10:20:14.228"/>
</kw>
<status status="PASS" starttime="20220104 10:20:13.106" endtime="20220104 10:20:14.229"/>
</kw>
<kw name="Digitar o nome do solicitante" library="tms">
<kw name="Input Text" library="SeleniumLibrary">
<arg>xpath=//div[@id='dvCamposAbaUsuario']/div/div/input</arg>
<arg>Solicitante_QA</arg>
<doc>Types the given ``text`` into the text field identified by ``locator``.</doc>
<msg timestamp="20220104 10:20:14.230" level="INFO">Typing text 'Solicitante_QA' into text field 'xpath=//div[@id='dvCamposAbaUsuario']/div/div/input'.</msg>
<kw name="Capture Page Screenshot" library="SeleniumLibrary">
<doc>Takes a screenshot of the current page and embeds it into a log file.</doc>
<msg timestamp="20220104 10:20:14.487" level="INFO" html="true">&lt;/td&gt;&lt;/tr&gt;&lt;tr&gt;&lt;td colspan="3"&gt;&lt;a href="selenium-screenshot-1.png"&gt;&lt;img src="selenium-screenshot-1.png" width="800px"&gt;&lt;/a&gt;</msg>
<status status="PASS" starttime="20220104 10:20:14.246" endtime="20220104 10:20:14.487"/>
</kw>
<msg timestamp="20220104 10:20:14.497" level="FAIL">Element with locator 'xpath=//div[@id='dvCamposAbaUsuario']/div/div/input' not found.</msg>
<status status="FAIL" starttime="20220104 10:20:14.230" endtime="20220104 10:20:14.498"/>
</kw>
<status status="FAIL" starttime="20220104 10:20:14.229" endtime="20220104 10:20:14.499"/>
</kw>
<kw name="Digitar o nome do favorecido" library="tms">
<status status="NOT RUN" starttime="20220104 10:20:14.500" endtime="20220104 10:20:14.500"/>
</kw>
<kw name="Clicar no botão avançar 1" library="tms">
<status status="NOT RUN" starttime="20220104 10:20:14.501" endtime="20220104 10:20:14.501"/>
</kw>
<kw name="Clicar no botão avançar 2" library="tms">
<status status="NOT RUN" starttime="20220104 10:20:14.503" endtime="20220104 10:20:14.503"/>
</kw>
<kw name="Digitar o título" library="tms">
<status status="NOT RUN" starttime="20220104 10:20:14.503" endtime="20220104 10:20:14.503"/>
</kw>
<kw name="Digitar a descricão" library="tms">
<status status="NOT RUN" starttime="20220104 10:20:14.503" endtime="20220104 10:20:14.503"/>
</kw>
<kw name="Clicar no botão avançar 3" library="tms">
<status status="NOT RUN" starttime="20220104 10:20:14.504" endtime="20220104 10:20:14.504"/>
</kw>
<kw name="Digitar a categoria" library="tms">
<status status="NOT RUN" starttime="20220104 10:20:14.505" endtime="20220104 10:20:14.505"/>
</kw>
<kw name="Clicar no botão avançar 4" library="tms">
<status status="NOT RUN" starttime="20220104 10:20:14.505" endtime="20220104 10:20:14.505"/>
</kw>
<kw name="Digitar o tipo" library="tms">
<status status="NOT RUN" starttime="20220104 10:20:14.507" endtime="20220104 10:20:14.507"/>
</kw>
<kw name="Clicar no botão avançar 5" library="tms">
<status status="NOT RUN" starttime="20220104 10:20:14.508" endtime="20220104 10:20:14.508"/>
</kw>
<kw name="Digitar o item" library="tms">
<status status="NOT RUN" starttime="20220104 10:20:14.508" endtime="20220104 10:20:14.508"/>
</kw>
<kw name="Espere a confirmacao" library="tms">
<status status="NOT RUN" starttime="20220104 10:20:14.509" endtime="20220104 10:20:14.509"/>
</kw>
<kw name="Clicar no botão avançar 6" library="tms">
<status status="NOT RUN" starttime="20220104 10:20:14.509" endtime="20220104 10:20:14.509"/>
</kw>
<kw name="Clicar no botão avançar 7" library="tms">
<status status="NOT RUN" starttime="20220104 10:20:14.510" endtime="20220104 10:20:14.510"/>
</kw>
<kw name="Clicar no botão concluir" library="tms">
<status status="NOT RUN" starttime="20220104 10:20:14.510" endtime="20220104 10:20:14.510"/>
</kw>
<kw name="Fechar navegador" library="tms" type="TEARDOWN">
<kw name="Close Browser" library="SeleniumLibrary">
<doc>Closes the current browser.</doc>
<status status="PASS" starttime="20220104 10:20:14.513" endtime="20220104 10:20:16.715"/>
</kw>
<status status="PASS" starttime="20220104 10:20:14.511" endtime="20220104 10:20:16.715"/>
</kw>
<status status="FAIL" starttime="20220104 10:19:41.923" endtime="20220104 10:20:16.715">Element with locator 'xpath=//div[@id='dvCamposAbaUsuario']/div/div/input' not found.</status>
</test>
<status status="FAIL" starttime="20220104 10:19:41.576" endtime="20220104 10:20:16.717"/>
</suite>
<statistics>
<total>
<stat pass="0" fail="1" skip="0">All Tests</stat>
</total>
<tag>
</tag>
<suite>
<stat pass="0" fail="1" skip="0" id="s1" name="Tms">Tms</stat>
</suite>
</statistics>
<errors>
</errors>
</robot>
